Base path: C:/Program Files (x86)/Unity/Editor/Data
Pipe name: \\.\pipe\UnityShaderCompiler-1-7612
Cmd: getPlatforms
Cmd: preprocess
  insize=1909 outsize=621 ok=1
Cmd: compileSnippet
  api=1 type=0 insize=1535 outsize=171 kw=SOFTPARTICLES_OFF ok=1
Cmd: compileSnippet
  api=1 type=1 insize=1535 outsize=242 kw=SOFTPARTICLES_OFF ok=1
Cmd: preprocess
  insize=5995 outsize=1031 ok=1
Cmd: compileSnippet
  api=1 type=0 insize=4873 outsize=339 kw= ok=1
Cmd: compileSnippet
  api=1 type=1 insize=4873 outsize=995 kw= ok=1
Cmd: compileSnippet
  api=1 type=0 insize=4884 outsize=442 kw= ok=1
Cmd: compileSnippet
  api=1 type=1 insize=4884 outsize=297 kw= ok=1
Cmd: compileSnippet
  api=1 type=0 insize=4887 outsize=299 kw= ok=1
Cmd: compileSnippet
  api=1 type=1 insize=4887 outsize=643 kw= ok=1
Cmd: compileSnippet
  api=1 type=0 insize=4889 outsize=294 kw= ok=1
Cmd: compileSnippet
  api=1 type=1 insize=4889 outsize=643 kw= ok=1
Cmd: preprocess
  insize=907 outsize=1426 ok=1
Cmd: compileSnippet
  api=1 type=0 insize=4613 outsize=630 kw=DIRECTIONAL SHADOWS_OFF LIGHTMAP_OFF DIRLIGHTMAP_OFF ok=1
Cmd: compileSnippet
  api=1 type=1 insize=4613 outsize=491 kw=DIRECTIONAL SHADOWS_OFF LIGHTMAP_OFF DIRLIGHTMAP_OFF ok=1
Cmd: compileSnippet
  api=1 type=0 insize=2465 outsize=383 kw=POINT ok=1
Cmd: compileSnippet
  api=1 type=1 insize=2465 outsize=421 kw=POINT ok=1
Cmd: compileSnippet
  api=1 type=0 insize=1993 outsize=190 kw= ok=1
Cmd: compileSnippet
  api=1 type=1 insize=1993 outsize=118 kw= ok=1
Cmd: compileSnippet
  api=1 type=0 insize=4330 outsize=674 kw=LIGHTMAP_OFF DIRLIGHTMAP_OFF HDR_LIGHT_PREPASS_OFF ok=1
Cmd: compileSnippet
  api=1 type=1 insize=4330 outsize=440 kw=LIGHTMAP_OFF DIRLIGHTMAP_OFF HDR_LIGHT_PREPASS_OFF ok=1
Cmd: compileSnippet
  api=1 type=0 insize=2465 outsize=253 kw=DIRECTIONAL ok=1
Cmd: compileSnippet
  api=1 type=1 insize=2465 outsize=286 kw=DIRECTIONAL ok=1
Cmd: compileSnippet
  api=1 type=0 insize=4613 outsize=1181 kw=DIRECTIONAL SHADOWS_OFF LIGHTMAP_OFF DIRLIGHTMAP_OFF VERTEXLIGHT_ON ok=1
Cmd: preprocess
  insize=1831 outsize=598 ok=1
Cmd: preprocess
  insize=5759 outsize=989 ok=1
Cmd: preprocess
  insize=869 outsize=1409 ok=1
